<?xml version="1.0" encoding="UTF-8"?>
<!-- Generated by org.testng.reporters.JUnitXMLReporter -->
<testsuite hostname="LAPTOP-DQ25KTNT" ignored="2" name="Default test" tests="4" failures="0" timestamp="19 Aug 2020 16:49:08 GMT" time="7.689" errors="0">
  <testcase name="getRequest_Returns_ListOf_AllCars" time="2.114" classname="com.qa.restassured.Tesla.rentalcarstests.RentalCarsTests"/>
  <testcase name="getRequest_Returns_TeslaCarsWith_BlueColor_And_Notes" time="1.134" classname="com.qa.restassured.Tesla.rentalcarstests.RentalCarsTests"/>
  <testcase name="getRequest_Returns_CarsOf_LowestPerDayRent_WithPriceAnd_WithPriceAfterDiscount" time="1.758" classname="com.qa.restassured.Tesla.rentalcarstests.RentalCarsTests"/>
  <testcase name="getRequest_Returns_CarsWith_HighestRevenue_ForFullYear" time="2.466" classname="com.qa.restassured.Tesla.rentalcarstests.RentalCarsTests"/>
  <testcase name="getRequest_Returns_CarsWith_Lowest_PerDayRent" time="0.0" classname="com.qa.restassured.Tesla.rentalcarstests.RentalCarsTests">
    <ignored/>
  </testcase> <!-- getRequest_Returns_CarsWith_Lowest_PerDayRent -->
  <testcase name="getRequest_Returns_CarsWith_HighestRevenue" time="0.0" classname="com.qa.restassured.Tesla.rentalcarstests.RentalCarsTests">
    <ignored/>
  </testcase> <!-- getRequest_Returns_CarsWith_HighestRevenue -->
</testsuite> <!-- Default test -->
