<?xml version="1.0" encoding="UTF-8"?>
<!-- Generated by org.testng.reporters.JUnitXMLReporter -->
<testsuite hostname="LAPTOP-DQ25KTNT" ignored="2" name="TeslaTests" tests="4" failures="0" timestamp="13 Sep 2020 05:41:58 GMT" time="11.028" errors="0">
  <testcase name="getRequest_Returns_ListOf_AllCars" time="3.294" classname="com.qa.restassured.Tesla.rentalcarstests.RentalCarsTests"/>
  <testcase name="getRequest_Returns_TeslaCarsWith_BlueColor_And_Notes" time="1.585" classname="com.qa.restassured.Tesla.rentalcarstests.RentalCarsTests"/>
  <testcase name="getRequest_Returns_CarsOf_LowestPerDayRent_WithPriceAnd_WithPriceAfterDiscount" time="2.59" classname="com.qa.restassured.Tesla.rentalcarstests.RentalCarsTests"/>
  <testcase name="getRequest_Returns_CarsWith_HighestRevenue_ForFullYear" time="3.388" classname="com.qa.restassured.Tesla.rentalcarstests.RentalCarsTests"/>
  <testcase name="getRequest_Returns_CarsWith_Lowest_PerDayRent" time="0.0" classname="com.qa.restassured.Tesla.rentalcarstests.RentalCarsTests">
    <ignored/>
  </testcase> <!-- getRequest_Returns_CarsWith_Lowest_PerDayRent -->
  <testcase name="getRequest_Returns_CarsWith_HighestRevenue" time="0.0" classname="com.qa.restassured.Tesla.rentalcarstests.RentalCarsTests">
    <ignored/>
  </testcase> <!-- getRequest_Returns_CarsWith_HighestRevenue -->
</testsuite> <!-- TeslaTests -->
